<?xml version="1.0" encoding="UTF-8"?>
<!-- Generated by org.testng.reporters.JUnitXMLReporter -->
<testsuite ignored="0" hostname="DESKTOP-HDPLE11" failures="1" tests="1" name="Default test" time="1.085" errors="0" timestamp="2023-11-03T23:28:02 IST">
  <testcase classname="io.cucumber.testng.AbstractTestNGCucumberTests" name="runScenario" time="0.279">
    <failure type="io.cucumber.core.exception.CucumberException" message="Could not create a cucumber expression for &amp;apos;user makes REST api call with {url} and with method {method}&amp;apos;.
It appears you did not register a parameter type.">
      <![CDATA[io.cucumber.core.exception.CucumberException: Could not create a cucumber expression for 'user makes REST api call with {url} and with method {method}'.
It appears you did not register a parameter type.
at io.cucumber.core.stepexpression.StepExpressionFactory.registerTypeInConfiguration(StepExpressionFactory.java:101)
at io.cucumber.core.stepexpression.StepExpressionFactory.crateExpression(StepExpressionFactory.java:95)
at io.cucumber.core.stepexpression.StepExpressionFactory.createExpression(StepExpressionFactory.java:61)
at io.cucumber.core.stepexpression.StepExpressionFactory.createExpression(StepExpressionFactory.java:49)
at io.cucumber.core.runner.CachingGlue.lambda$prepareGlue$3(CachingGlue.java:244)
at java.base/java.util.ArrayList.forEach(ArrayList.java:1511)
at io.cucumber.core.runner.CachingGlue.prepareGlue(CachingGlue.java:243)
at io.cucumber.core.runner.Runner.runPickle(Runner.java:70)
at io.cucumber.testng.TestNGCucumberRunner.lambda$runScenario$1(TestNGCucumberRunner.java:134)
at io.cucumber.core.runtime.CucumberExecutionContext.runTestCase(CucumberExecutionContext.java:117)
at io.cucumber.testng.TestNGCucumberRunner.runScenario(TestNGCucumberRunner.java:131)
at io.cucumber.testng.AbstractTestNGCucumberTests.runScenario(AbstractTestNGCucumberTests.java:31)
at java.base/jdk.internal.reflect.NativeMethodAccessorImpl.invoke0(Native Method)
at java.base/jdk.internal.reflect.NativeMethodAccessorImpl.invoke(NativeMethodAccessorImpl.java:77)
at java.base/jdk.internal.reflect.DelegatingMethodAccessorImpl.invoke(DelegatingMethodAccessorImpl.java:43)
at java.base/java.lang.reflect.Method.invoke(Method.java:568)
at org.testng.internal.MethodInvocationHelper.invokeMethod(MethodInvocationHelper.java:133)
at org.testng.internal.TestInvoker.invokeMethod(TestInvoker.java:598)
at org.testng.internal.TestInvoker.invokeTestMethod(TestInvoker.java:173)
at org.testng.internal.MethodRunner.runInSequence(MethodRunner.java:46)
at org.testng.internal.TestInvoker$MethodInvocationAgent.invoke(TestInvoker.java:824)
at org.testng.internal.TestInvoker.invokeTestMethods(TestInvoker.java:146)
at org.testng.internal.TestMethodWorker.invokeTestMethods(TestMethodWorker.java:146)
at org.testng.internal.TestMethodWorker.run(TestMethodWorker.java:128)
at java.base/java.util.ArrayList.forEach(ArrayList.java:1511)
at org.testng.TestRunner.privateRun(TestRunner.java:794)
at org.testng.TestRunner.run(TestRunner.java:596)
at org.testng.SuiteRunner.runTest(SuiteRunner.java:377)
at org.testng.SuiteRunner.runSequentially(SuiteRunner.java:371)
at org.testng.SuiteRunner.privateRun(SuiteRunner.java:332)
at org.testng.SuiteRunner.run(SuiteRunner.java:276)
at org.testng.SuiteRunnerWorker.runSuite(SuiteRunnerWorker.java:53)
at org.testng.SuiteRunnerWorker.run(SuiteRunnerWorker.java:96)
at org.testng.TestNG.runSuitesSequentially(TestNG.java:1212)
at org.testng.TestNG.runSuitesLocally(TestNG.java:1134)
at org.testng.TestNG.runSuites(TestNG.java:1063)
at org.testng.TestNG.run(TestNG.java:1031)
at org.testng.remote.AbstractRemoteTestNG.run(AbstractRemoteTestNG.java:115)
at org.testng.remote.RemoteTestNG.initAndRun(RemoteTestNG.java:251)
at org.testng.remote.RemoteTestNG.main(RemoteTestNG.java:77)
Caused by: io.cucumber.cucumberexpressions.UndefinedParameterTypeException: Undefined parameter type {url}. Please register a ParameterType for {url}.
at io.cucumber.cucumberexpressions.CucumberExpression.processParameters(CucumberExpression.java:103)
at io.cucumber.cucumberexpressions.CucumberExpression.<init>(CucumberExpression.java:35)
at io.cucumber.cucumberexpressions.ExpressionFactory.createExpression(ExpressionFactory.java:34)
at io.cucumber.core.stepexpression.StepExpressionFactory.crateExpression(StepExpressionFactory.java:88)
... 38 more
]]>
    </failure>
  </testcase> <!-- runScenario -->
</testsuite> <!-- Default test -->
